<?xml version="1.0" encoding="UTF-8"?>
<!-- Generated by org.testng.reporters.JUnitReportReporter -->
<testsuite skipped="0" hostname="SELI130583" name="seleniumPackage.SampleTask1" tests="1" failures="0" timestamp="19 Nov 2019 10:09:38 GMT" time="12.823" errors="0">
  <testcase name="OpenHomepage" time="12.823" classname="seleniumPackage.SampleTask1"/>
</testsuite> <!-- seleniumPackage.SampleTask1 -->
