<?xml version="1.0" encoding="UTF-8"?>
<!-- Generated by org.testng.reporters.JUnitReportReporter -->
<testsuite skipped="0" hostname="SELI130583" name="seleniumPackage.SeleniumModel" tests="1" failures="0" timestamp="18 Nov 2019 08:03:38 GMT" time="16.880" errors="0">
  <testcase name="validatePage" time="16.880" classname="seleniumPackage.SeleniumModel"/>
</testsuite> <!-- seleniumPackage.SeleniumModel -->
