<?xml version="1.0" encoding="UTF-8"?>
<!-- Generated by org.testng.reporters.JUnitReportReporter -->
<testsuite skipped="0" hostname="DESKTOP-R9T8ILP" name="seleniumPackage.Sample2" tests="1" failures="0" timestamp="28 Jun 2019 11:40:09 GMT" time="16.243" errors="0">
  <testcase name="validatePage" time="16.243" classname="seleniumPackage.Sample2"/>
</testsuite> <!-- seleniumPackage.Sample2 -->
